[2024-11-20T06:44:27.352+0000] {local_task_job_runner.py:123} INFO - ::group::Pre task execution logs
[2024-11-20T06:44:27.368+0000] {taskinstance.py:2613} INFO - Dependencies all met for dep_context=non-requeueable deps ti=<TaskInstance: web_scraper_pipeline.scrape_articles manual__2024-11-20T06:39:16.362502+00:00 [queued]>
[2024-11-20T06:44:27.378+0000] {taskinstance.py:2613} INFO - Dependencies all met for dep_context=requeueable deps ti=<TaskInstance: web_scraper_pipeline.scrape_articles manual__2024-11-20T06:39:16.362502+00:00 [queued]>
[2024-11-20T06:44:27.379+0000] {taskinstance.py:2866} INFO - Starting attempt 2 of 2
[2024-11-20T06:44:27.412+0000] {taskinstance.py:2889} INFO - Executing <Task(PythonOperator): scrape_articles> on 2024-11-20 06:39:16.362502+00:00
[2024-11-20T06:44:27.416+0000] {standard_task_runner.py:72} INFO - Started process 48443 to run task
[2024-11-20T06:44:27.423+0000] {standard_task_runner.py:104} INFO - Running: ['airflow', 'tasks', 'run', 'web_scraper_pipeline', 'scrape_articles', 'manual__2024-11-20T06:39:16.362502+00:00', '--job-id', '20', '--raw', '--subdir', 'DAGS_FOLDER/webscrapper.py', '--cfg-path', '/tmp/tmp5m6hh03d']
[2024-11-20T06:44:27.425+0000] {standard_task_runner.py:105} INFO - Job 20: Subtask scrape_articles
[2024-11-20T06:44:27.591+0000] {task_command.py:467} INFO - Running <TaskInstance: web_scraper_pipeline.scrape_articles manual__2024-11-20T06:39:16.362502+00:00 [running]> on host DESKTOP-PGKOH6A.
[2024-11-20T06:44:27.743+0000] {taskinstance.py:3132} INFO - Exporting env vars: AIRFLOW_CTX_DAG_OWNER='airflow' AIRFLOW_CTX_DAG_ID='web_scraper_pipeline' AIRFLOW_CTX_TASK_ID='scrape_articles' AIRFLOW_CTX_EXECUTION_DATE='2024-11-20T06:39:16.362502+00:00' AIRFLOW_CTX_TRY_NUMBER='2' AIRFLOW_CTX_DAG_RUN_ID='manual__2024-11-20T06:39:16.362502+00:00'
[2024-11-20T06:44:27.746+0000] {logging_mixin.py:190} INFO - Task instance is in running state
[2024-11-20T06:44:27.747+0000] {logging_mixin.py:190} INFO -  Previous state of the Task instance: queued
[2024-11-20T06:44:27.747+0000] {logging_mixin.py:190} INFO - Current task name:scrape_articles state:running start_date:2024-11-20 06:44:27.370466+00:00
[2024-11-20T06:44:27.748+0000] {logging_mixin.py:190} INFO - Dag name:web_scraper_pipeline and current dag run status:running
[2024-11-20T06:44:27.749+0000] {taskinstance.py:731} INFO - ::endgroup::
[2024-11-20T06:44:27.750+0000] {logging_mixin.py:190} INFO - https://backend.finshots.in/backend/search/?q=HDFC
[2024-11-20T06:44:28.851+0000] {logging_mixin.py:190} INFO - #########RESPONSE######
[2024-11-20T06:44:28.852+0000] {logging_mixin.py:190} INFO - {'total_hits': 10, 'matches': [{'post_url': 'https://finshots.in/markets/the-changing-face-of-hdfc-life-the-insurance-industry/', 'cover_image': 'https://d3jlwjv6gmyigl.cloudfront.net/images/2020/10/hdfc-1.jpg', 'title': 'The changing face of HDFC life & the Insurance industry', 'excerpt': 'What does the future look like for HDFC life?', 'published_date': '2020-10-16T14:23:11+00:00'}, {'post_url': 'https://finshots.in/markets/what-to-make-of-hdfc-lifes-performance/', 'cover_image': 'https://d3jlwjv6gmyigl.cloudfront.net/images/2021/07/hdfc-life3.jpg', 'title': 'What to make of HDFC Life’s recent performance?', 'excerpt': "An explainer on HDFC Life's recent performance.", 'published_date': '2021-07-23T14:27:42+00:00'}, {'post_url': 'https://finshots.in/markets/what-ails-hdfc-bank/', 'cover_image': 'https://d3jlwjv6gmyigl.cloudfront.net/images/2022/01/Thumbnail-3.O-hdfc.png', 'title': 'What ails HDFC Bank?', 'excerpt': 'An explainer on what is happening inside HDFC Bank', 'published_date': '2022-01-07T14:46:07+00:00'}, {'post_url': 'https://finshots.in/archive/weekly-wrapup-understanding-the-hdfc-merger/', 'cover_image': 'https://cdn.finshots.app/images/2022/04/cov43-3.png', 'title': 'Weekly Wrapup - Understanding the HDFC Merger', 'excerpt': 'An explainer on how HDFC and HDFC Bank merged', 'published_date': '2022-04-08T16:51:54.934000+00:00'}, {'post_url': 'https://finshots.in/markets/hdfc-merger-can-the-60-billion-elephant-dance/', 'cover_image': 'https://cdn.finshots.app/images/2022/04/cov43-1.png', 'title': 'The HDFC merger - Can the $60 billion elephant dance?', 'excerpt': 'An explainer on why HDFC and HDFC Bank decided to merge', 'published_date': '2022-04-08T14:39:16+00:00'}, {'post_url': 'https://finshots.in/archive/hdfc-bids-farewell-to-its-10-000-crore-education-loan-company/', 'cover_image': 'https://cdn.finshots.app/images/2023/06/design-93-hdfc-student-loan-3--1-.jpg', 'title': 'HDFC bids farewell to its ₹10,000 crore education loan company', 'excerpt': 'An explainer on why HDFC is selling its education loan business and why international private equity firms are interested.', 'published_date': '2023-06-22T01:30:00+00:00'}, {'post_url': 'https://finshots.in/markets/hdfc-is-in-trouble/', 'cover_image': 'https://cdn.finshots.app/images/2024/01/HDFC.jpg', 'title': 'HDFC is in trouble — Has the elephant forgotten how to dance?', 'excerpt': "An explainer on why HDFC Bank's share price has fallen by over 10% this week.", 'published_date': '2024-01-19T18:38:03.109000+00:00'}, {'post_url': 'https://finshots.in/markets/investing-lessons-from-hdfc-prashant-jain/', 'cover_image': 'https://cdn.finshots.app/images/2022/09/investment-lessons1-copy.png', 'title': '3 investing lessons from HDFC’s Prashant Jain', 'excerpt': "An explainer on Prashant Jain's investing lessons", 'published_date': '2022-09-09T10:46:32+00:00'}, {'post_url': 'https://finshots.in/archive/45-years-later-hdfc-bids-goodbye-to-dalal-street/', 'cover_image': 'https://cdn.finshots.app/images/2023/07/design-113-HDFC-1.jpg', 'title': '45 years later, HDFC bids goodbye to Dalal\xa0Street', 'excerpt': "A brief history of India's first dedicated housing finance company and the people behind it.", 'published_date': '2023-07-14T01:30:00+00:00'}, {'post_url': 'https://finshots.in/archive/new-rules-housing-finance-companies/', 'cover_image': 'https://d3jlwjv6gmyigl.cloudfront.net/images/2020/06/hou.jpg', 'title': 'New housing finance rules', 'excerpt': 'An explainer on the new guidelines for housing finance companies.', 'published_date': '2020-06-21T18:31:48.671000+00:00'}]}
[2024-11-20T06:44:28.853+0000] {logging_mixin.py:190} INFO - #######################
[2024-11-20T06:44:28.858+0000] {logging_mixin.py:190} INFO - 2020-10-16 14:23:11+00:00
[2024-11-20T06:44:28.858+0000] {logging_mixin.py:190} INFO - $$$ TYPE $$
[2024-11-20T06:44:28.858+0000] {logging_mixin.py:190} INFO - <class 'datetime.datetime'>
[2024-11-20T06:44:28.859+0000] {logging_mixin.py:190} INFO - ##########
[2024-11-20T06:44:28.859+0000] {logging_mixin.py:190} INFO - 2021-07-23 14:27:42+00:00
[2024-11-20T06:44:28.859+0000] {logging_mixin.py:190} INFO - $$$ TYPE $$
[2024-11-20T06:44:28.860+0000] {logging_mixin.py:190} INFO - <class 'datetime.datetime'>
[2024-11-20T06:44:28.860+0000] {logging_mixin.py:190} INFO - ##########
[2024-11-20T06:44:28.860+0000] {logging_mixin.py:190} INFO - 2022-01-07 14:46:07+00:00
[2024-11-20T06:44:28.860+0000] {logging_mixin.py:190} INFO - $$$ TYPE $$
[2024-11-20T06:44:28.860+0000] {logging_mixin.py:190} INFO - <class 'datetime.datetime'>
[2024-11-20T06:44:28.861+0000] {logging_mixin.py:190} INFO - ##########
[2024-11-20T06:44:28.861+0000] {logging_mixin.py:190} INFO - 2022-04-08 16:51:54+00:00
[2024-11-20T06:44:28.861+0000] {logging_mixin.py:190} INFO - $$$ TYPE $$
[2024-11-20T06:44:28.861+0000] {logging_mixin.py:190} INFO - <class 'datetime.datetime'>
[2024-11-20T06:44:28.862+0000] {logging_mixin.py:190} INFO - ##########
[2024-11-20T06:44:28.862+0000] {logging_mixin.py:190} INFO - 2022-04-08 14:39:16+00:00
[2024-11-20T06:44:28.862+0000] {logging_mixin.py:190} INFO - $$$ TYPE $$
[2024-11-20T06:44:28.862+0000] {logging_mixin.py:190} INFO - <class 'datetime.datetime'>
[2024-11-20T06:44:28.862+0000] {logging_mixin.py:190} INFO - ##########
[2024-11-20T06:44:28.863+0000] {logging_mixin.py:190} INFO - 2023-06-22 01:30:00+00:00
[2024-11-20T06:44:28.863+0000] {logging_mixin.py:190} INFO - $$$ TYPE $$
[2024-11-20T06:44:28.864+0000] {logging_mixin.py:190} INFO - <class 'datetime.datetime'>
[2024-11-20T06:44:28.864+0000] {logging_mixin.py:190} INFO - ##########
[2024-11-20T06:44:28.864+0000] {logging_mixin.py:190} INFO - 2024-01-19 18:38:03+00:00
[2024-11-20T06:44:28.864+0000] {logging_mixin.py:190} INFO - $$$ TYPE $$
[2024-11-20T06:44:28.865+0000] {logging_mixin.py:190} INFO - <class 'datetime.datetime'>
[2024-11-20T06:44:28.865+0000] {logging_mixin.py:190} INFO - ##########
[2024-11-20T06:44:28.865+0000] {logging_mixin.py:190} INFO - 2022-09-09 10:46:32+00:00
[2024-11-20T06:44:28.865+0000] {logging_mixin.py:190} INFO - $$$ TYPE $$
[2024-11-20T06:44:28.866+0000] {logging_mixin.py:190} INFO - <class 'datetime.datetime'>
[2024-11-20T06:44:28.866+0000] {logging_mixin.py:190} INFO - ##########
[2024-11-20T06:44:28.866+0000] {logging_mixin.py:190} INFO - 2023-07-14 01:30:00+00:00
[2024-11-20T06:44:28.866+0000] {logging_mixin.py:190} INFO - $$$ TYPE $$
[2024-11-20T06:44:28.866+0000] {logging_mixin.py:190} INFO - <class 'datetime.datetime'>
[2024-11-20T06:44:28.867+0000] {logging_mixin.py:190} INFO - ##########
[2024-11-20T06:44:28.867+0000] {logging_mixin.py:190} INFO - 2020-06-21 18:31:48+00:00
[2024-11-20T06:44:28.867+0000] {logging_mixin.py:190} INFO - $$$ TYPE $$
[2024-11-20T06:44:28.868+0000] {logging_mixin.py:190} INFO - <class 'datetime.datetime'>
[2024-11-20T06:44:28.868+0000] {logging_mixin.py:190} INFO - ##########
[2024-11-20T06:44:28.869+0000] {python.py:240} INFO - Done. Returned value was: None
[2024-11-20T06:44:28.879+0000] {taskinstance.py:340} INFO - ::group::Post task execution logs
[2024-11-20T06:44:28.879+0000] {taskinstance.py:352} INFO - Marking task as SUCCESS. dag_id=web_scraper_pipeline, task_id=scrape_articles, run_id=manual__2024-11-20T06:39:16.362502+00:00, execution_date=20241120T063916, start_date=20241120T064427, end_date=20241120T064428
[2024-11-20T06:44:28.901+0000] {logging_mixin.py:190} INFO - Task instance in success state
[2024-11-20T06:44:28.902+0000] {logging_mixin.py:190} INFO -  Previous state of the Task instance: running
[2024-11-20T06:44:28.902+0000] {logging_mixin.py:190} INFO - Dag name:web_scraper_pipeline queued_at:2024-11-20 06:39:16.495319+00:00
[2024-11-20T06:44:28.903+0000] {logging_mixin.py:190} INFO - Task hostname:DESKTOP-PGKOH6A. operator:PythonOperator
[2024-11-20T06:44:28.927+0000] {local_task_job_runner.py:266} INFO - Task exited with return code 0
[2024-11-20T06:44:28.946+0000] {taskinstance.py:3895} INFO - 0 downstream tasks scheduled from follow-on schedule check
[2024-11-20T06:44:28.947+0000] {local_task_job_runner.py:245} INFO - ::endgroup::
