[2024-11-20T06:32:59.398+0000] {local_task_job_runner.py:123} INFO - ::group::Pre task execution logs
[2024-11-20T06:32:59.419+0000] {taskinstance.py:2613} INFO - Dependencies all met for dep_context=non-requeueable deps ti=<TaskInstance: web_scraper_pipeline.scrape_articles manual__2024-11-20T06:27:51.140328+00:00 [queued]>
[2024-11-20T06:32:59.435+0000] {taskinstance.py:2613} INFO - Dependencies all met for dep_context=requeueable deps ti=<TaskInstance: web_scraper_pipeline.scrape_articles manual__2024-11-20T06:27:51.140328+00:00 [queued]>
[2024-11-20T06:32:59.435+0000] {taskinstance.py:2866} INFO - Starting attempt 2 of 2
[2024-11-20T06:32:59.457+0000] {taskinstance.py:2889} INFO - Executing <Task(PythonOperator): scrape_articles> on 2024-11-20 06:27:51.140328+00:00
[2024-11-20T06:32:59.462+0000] {standard_task_runner.py:72} INFO - Started process 46222 to run task
[2024-11-20T06:32:59.467+0000] {standard_task_runner.py:104} INFO - Running: ['airflow', 'tasks', 'run', 'web_scraper_pipeline', 'scrape_articles', 'manual__2024-11-20T06:27:51.140328+00:00', '--job-id', '13', '--raw', '--subdir', 'DAGS_FOLDER/webscrapper.py', '--cfg-path', '/tmp/tmp_ras1oj_']
[2024-11-20T06:32:59.468+0000] {standard_task_runner.py:105} INFO - Job 13: Subtask scrape_articles
[2024-11-20T06:32:59.519+0000] {task_command.py:467} INFO - Running <TaskInstance: web_scraper_pipeline.scrape_articles manual__2024-11-20T06:27:51.140328+00:00 [running]> on host DESKTOP-PGKOH6A.
[2024-11-20T06:32:59.597+0000] {taskinstance.py:3132} INFO - Exporting env vars: AIRFLOW_CTX_DAG_OWNER='airflow' AIRFLOW_CTX_DAG_ID='web_scraper_pipeline' AIRFLOW_CTX_TASK_ID='scrape_articles' AIRFLOW_CTX_EXECUTION_DATE='2024-11-20T06:27:51.140328+00:00' AIRFLOW_CTX_TRY_NUMBER='2' AIRFLOW_CTX_DAG_RUN_ID='manual__2024-11-20T06:27:51.140328+00:00'
[2024-11-20T06:32:59.598+0000] {logging_mixin.py:190} INFO - Task instance is in running state
[2024-11-20T06:32:59.599+0000] {logging_mixin.py:190} INFO -  Previous state of the Task instance: queued
[2024-11-20T06:32:59.599+0000] {logging_mixin.py:190} INFO - Current task name:scrape_articles state:running start_date:2024-11-20 06:32:59.420496+00:00
[2024-11-20T06:32:59.599+0000] {logging_mixin.py:190} INFO - Dag name:web_scraper_pipeline and current dag run status:running
[2024-11-20T06:32:59.600+0000] {taskinstance.py:731} INFO - ::endgroup::
[2024-11-20T06:32:59.601+0000] {logging_mixin.py:190} INFO - https://backend.finshots.in/backend/search/?q=HDFC
[2024-11-20T06:33:00.532+0000] {logging_mixin.py:190} INFO - #########RESPONSE######
[2024-11-20T06:33:00.534+0000] {logging_mixin.py:190} INFO - {'total_hits': 10, 'matches': [{'post_url': 'https://finshots.in/markets/the-changing-face-of-hdfc-life-the-insurance-industry/', 'cover_image': 'https://d3jlwjv6gmyigl.cloudfront.net/images/2020/10/hdfc-1.jpg', 'title': 'The changing face of HDFC life & the Insurance industry', 'excerpt': 'What does the future look like for HDFC life?', 'published_date': '2020-10-16T14:23:11+00:00'}, {'post_url': 'https://finshots.in/markets/what-to-make-of-hdfc-lifes-performance/', 'cover_image': 'https://d3jlwjv6gmyigl.cloudfront.net/images/2021/07/hdfc-life3.jpg', 'title': 'What to make of HDFC Life’s recent performance?', 'excerpt': "An explainer on HDFC Life's recent performance.", 'published_date': '2021-07-23T14:27:42+00:00'}, {'post_url': 'https://finshots.in/markets/what-ails-hdfc-bank/', 'cover_image': 'https://d3jlwjv6gmyigl.cloudfront.net/images/2022/01/Thumbnail-3.O-hdfc.png', 'title': 'What ails HDFC Bank?', 'excerpt': 'An explainer on what is happening inside HDFC Bank', 'published_date': '2022-01-07T14:46:07+00:00'}, {'post_url': 'https://finshots.in/archive/weekly-wrapup-understanding-the-hdfc-merger/', 'cover_image': 'https://cdn.finshots.app/images/2022/04/cov43-3.png', 'title': 'Weekly Wrapup - Understanding the HDFC Merger', 'excerpt': 'An explainer on how HDFC and HDFC Bank merged', 'published_date': '2022-04-08T16:51:54.934000+00:00'}, {'post_url': 'https://finshots.in/markets/hdfc-merger-can-the-60-billion-elephant-dance/', 'cover_image': 'https://cdn.finshots.app/images/2022/04/cov43-1.png', 'title': 'The HDFC merger - Can the $60 billion elephant dance?', 'excerpt': 'An explainer on why HDFC and HDFC Bank decided to merge', 'published_date': '2022-04-08T14:39:16+00:00'}, {'post_url': 'https://finshots.in/archive/hdfc-bids-farewell-to-its-10-000-crore-education-loan-company/', 'cover_image': 'https://cdn.finshots.app/images/2023/06/design-93-hdfc-student-loan-3--1-.jpg', 'title': 'HDFC bids farewell to its ₹10,000 crore education loan company', 'excerpt': 'An explainer on why HDFC is selling its education loan business and why international private equity firms are interested.', 'published_date': '2023-06-22T01:30:00+00:00'}, {'post_url': 'https://finshots.in/markets/hdfc-is-in-trouble/', 'cover_image': 'https://cdn.finshots.app/images/2024/01/HDFC.jpg', 'title': 'HDFC is in trouble — Has the elephant forgotten how to dance?', 'excerpt': "An explainer on why HDFC Bank's share price has fallen by over 10% this week.", 'published_date': '2024-01-19T18:38:03.109000+00:00'}, {'post_url': 'https://finshots.in/markets/investing-lessons-from-hdfc-prashant-jain/', 'cover_image': 'https://cdn.finshots.app/images/2022/09/investment-lessons1-copy.png', 'title': '3 investing lessons from HDFC’s Prashant Jain', 'excerpt': "An explainer on Prashant Jain's investing lessons", 'published_date': '2022-09-09T10:46:32+00:00'}, {'post_url': 'https://finshots.in/archive/45-years-later-hdfc-bids-goodbye-to-dalal-street/', 'cover_image': 'https://cdn.finshots.app/images/2023/07/design-113-HDFC-1.jpg', 'title': '45 years later, HDFC bids goodbye to Dalal\xa0Street', 'excerpt': "A brief history of India's first dedicated housing finance company and the people behind it.", 'published_date': '2023-07-14T01:30:00+00:00'}, {'post_url': 'https://finshots.in/archive/new-rules-housing-finance-companies/', 'cover_image': 'https://d3jlwjv6gmyigl.cloudfront.net/images/2020/06/hou.jpg', 'title': 'New housing finance rules', 'excerpt': 'An explainer on the new guidelines for housing finance companies.', 'published_date': '2020-06-21T18:31:48.671000+00:00'}]}
[2024-11-20T06:33:00.536+0000] {logging_mixin.py:190} INFO - #######################
[2024-11-20T06:33:00.548+0000] {logging_mixin.py:190} INFO - 2020-10-16 14:23:11+00:00
[2024-11-20T06:33:00.549+0000] {logging_mixin.py:190} INFO - $$$ TYPE $$
[2024-11-20T06:33:00.549+0000] {logging_mixin.py:190} INFO - <class 'datetime.datetime'>
[2024-11-20T06:33:00.550+0000] {logging_mixin.py:190} INFO - ##########
[2024-11-20T06:33:00.551+0000] {logging_mixin.py:190} INFO - 2021-07-23 14:27:42+00:00
[2024-11-20T06:33:00.551+0000] {logging_mixin.py:190} INFO - $$$ TYPE $$
[2024-11-20T06:33:00.552+0000] {logging_mixin.py:190} INFO - <class 'datetime.datetime'>
[2024-11-20T06:33:00.552+0000] {logging_mixin.py:190} INFO - ##########
[2024-11-20T06:33:00.553+0000] {logging_mixin.py:190} INFO - 2022-01-07 14:46:07+00:00
[2024-11-20T06:33:00.554+0000] {logging_mixin.py:190} INFO - $$$ TYPE $$
[2024-11-20T06:33:00.554+0000] {logging_mixin.py:190} INFO - <class 'datetime.datetime'>
[2024-11-20T06:33:00.555+0000] {logging_mixin.py:190} INFO - ##########
[2024-11-20T06:33:00.556+0000] {taskinstance.py:3311} ERROR - Task failed with exception
Traceback (most recent call last):
  File "/home/marmikm/airflow_venv/lib/python3.12/site-packages/airflow/models/taskinstance.py", line 767, in _execute_task
    result = _execute_callable(context=context, **execute_callable_kwargs)
             ^^^^^^^^^^^^^^^^^^^^^^^^^^^^^^^^^^^^^^^^^^^^^^^^^^^^^^^^^^^^^
  File "/home/marmikm/airflow_venv/lib/python3.12/site-packages/airflow/models/taskinstance.py", line 733, in _execute_callable
    return ExecutionCallableRunner(
           ^^^^^^^^^^^^^^^^^^^^^^^^
  File "/home/marmikm/airflow_venv/lib/python3.12/site-packages/airflow/utils/operator_helpers.py", line 252, in run
    return self.func(*args, **kwargs)
           ^^^^^^^^^^^^^^^^^^^^^^^^^^
  File "/home/marmikm/airflow_venv/lib/python3.12/site-packages/airflow/models/baseoperator.py", line 417, in wrapper
    return func(self, *args, **kwargs)
           ^^^^^^^^^^^^^^^^^^^^^^^^^^^
  File "/home/marmikm/airflow_venv/lib/python3.12/site-packages/airflow/operators/python.py", line 238, in execute
    return_value = self.execute_callable()
                   ^^^^^^^^^^^^^^^^^^^^^^^
  File "/home/marmikm/airflow_venv/lib/python3.12/site-packages/airflow/operators/python.py", line 256, in execute_callable
    return runner.run(*self.op_args, **self.op_kwargs)
           ^^^^^^^^^^^^^^^^^^^^^^^^^^^^^^^^^^^^^^^^^^^
  File "/home/marmikm/airflow_venv/lib/python3.12/site-packages/airflow/utils/operator_helpers.py", line 252, in run
    return self.func(*args, **kwargs)
           ^^^^^^^^^^^^^^^^^^^^^^^^^^
  File "/home/marmikm/airflow/dags/webscrapper.py", line 23, in scrape_articles
    date=datetime.strptime(str_date,"%Y-%m-%dT%H:%M:%S%z")
         ^^^^^^^^^^^^^^^^^^^^^^^^^^^^^^^^^^^^^^^^^^^^^^^^^
  File "/usr/lib/python3.12/_strptime.py", line 554, in _strptime_datetime
    tt, fraction, gmtoff_fraction = _strptime(data_string, format)
                                    ^^^^^^^^^^^^^^^^^^^^^^^^^^^^^^
  File "/usr/lib/python3.12/_strptime.py", line 333, in _strptime
    raise ValueError("time data %r does not match format %r" %
ValueError: time data '2022-04-08T16:51:54.934000+00:00' does not match format '%Y-%m-%dT%H:%M:%S%z'
[2024-11-20T06:33:00.566+0000] {logging_mixin.py:190} INFO - Task instance in failure state
[2024-11-20T06:33:00.567+0000] {logging_mixin.py:190} INFO - Task start:2024-11-20 06:32:59.420496+00:00 end:2024-11-20 06:33:00.565648+00:00 duration:1.145152
[2024-11-20T06:33:00.568+0000] {logging_mixin.py:190} INFO - Task:<Task(PythonOperator): scrape_articles> dag:<DAG: web_scraper_pipeline> dagrun:<DagRun web_scraper_pipeline @ 2024-11-20 06:27:51.140328+00:00: manual__2024-11-20T06:27:51.140328+00:00, state:running, queued_at: 2024-11-20 06:27:51.163458+00:00. externally triggered: True>
[2024-11-20T06:33:00.568+0000] {logging_mixin.py:190} INFO - Failure caused by time data '2022-04-08T16:51:54.934000+00:00' does not match format '%Y-%m-%dT%H:%M:%S%z'
[2024-11-20T06:33:00.569+0000] {taskinstance.py:1225} INFO - Marking task as FAILED. dag_id=web_scraper_pipeline, task_id=scrape_articles, run_id=manual__2024-11-20T06:27:51.140328+00:00, execution_date=20241120T062751, start_date=20241120T063259, end_date=20241120T063300
[2024-11-20T06:33:00.599+0000] {taskinstance.py:340} INFO - ::group::Post task execution logs
[2024-11-20T06:33:00.599+0000] {standard_task_runner.py:124} ERROR - Failed to execute job 13 for task scrape_articles (time data '2022-04-08T16:51:54.934000+00:00' does not match format '%Y-%m-%dT%H:%M:%S%z'; 46222)
Traceback (most recent call last):
  File "/home/marmikm/airflow_venv/lib/python3.12/site-packages/airflow/task/task_runner/standard_task_runner.py", line 117, in _start_by_fork
    ret = args.func(args, dag=self.dag)
          ^^^^^^^^^^^^^^^^^^^^^^^^^^^^^
  File "/home/marmikm/airflow_venv/lib/python3.12/site-packages/airflow/cli/cli_config.py", line 49, in command
    return func(*args, **kwargs)
           ^^^^^^^^^^^^^^^^^^^^^
  File "/home/marmikm/airflow_venv/lib/python3.12/site-packages/airflow/utils/cli.py", line 116, in wrapper
    return f(*args, **kwargs)
           ^^^^^^^^^^^^^^^^^^
  File "/home/marmikm/airflow_venv/lib/python3.12/site-packages/airflow/cli/commands/task_command.py", line 483, in task_run
    task_return_code = _run_task_by_selected_method(args, _dag, ti)
                       ^^^^^^^^^^^^^^^^^^^^^^^^^^^^^^^^^^^^^^^^^^^^
  File "/home/marmikm/airflow_venv/lib/python3.12/site-packages/airflow/cli/commands/task_command.py", line 256, in _run_task_by_selected_method
    return _run_raw_task(args, ti)
           ^^^^^^^^^^^^^^^^^^^^^^^
  File "/home/marmikm/airflow_venv/lib/python3.12/site-packages/airflow/cli/commands/task_command.py", line 341, in _run_raw_task
    return ti._run_raw_task(
           ^^^^^^^^^^^^^^^^^
  File "/home/marmikm/airflow_venv/lib/python3.12/site-packages/airflow/utils/session.py", line 97, in wrapper
    return func(*args, session=session, **kwargs)
           ^^^^^^^^^^^^^^^^^^^^^^^^^^^^^^^^^^^^^^
  File "/home/marmikm/airflow_venv/lib/python3.12/site-packages/airflow/models/taskinstance.py", line 3005, in _run_raw_task
    return _run_raw_task(
           ^^^^^^^^^^^^^^
  File "/home/marmikm/airflow_venv/lib/python3.12/site-packages/airflow/models/taskinstance.py", line 273, in _run_raw_task
    TaskInstance._execute_task_with_callbacks(
  File "/home/marmikm/airflow_venv/lib/python3.12/site-packages/airflow/models/taskinstance.py", line 3159, in _execute_task_with_callbacks
    result = self._execute_task(context, task_orig)
             ^^^^^^^^^^^^^^^^^^^^^^^^^^^^^^^^^^^^^^
  File "/home/marmikm/airflow_venv/lib/python3.12/site-packages/airflow/models/taskinstance.py", line 3183, in _execute_task
    return _execute_task(self, context, task_orig)
           ^^^^^^^^^^^^^^^^^^^^^^^^^^^^^^^^^^^^^^^
  File "/home/marmikm/airflow_venv/lib/python3.12/site-packages/airflow/models/taskinstance.py", line 767, in _execute_task
    result = _execute_callable(context=context, **execute_callable_kwargs)
             ^^^^^^^^^^^^^^^^^^^^^^^^^^^^^^^^^^^^^^^^^^^^^^^^^^^^^^^^^^^^^
  File "/home/marmikm/airflow_venv/lib/python3.12/site-packages/airflow/models/taskinstance.py", line 733, in _execute_callable
    return ExecutionCallableRunner(
           ^^^^^^^^^^^^^^^^^^^^^^^^
  File "/home/marmikm/airflow_venv/lib/python3.12/site-packages/airflow/utils/operator_helpers.py", line 252, in run
    return self.func(*args, **kwargs)
           ^^^^^^^^^^^^^^^^^^^^^^^^^^
  File "/home/marmikm/airflow_venv/lib/python3.12/site-packages/airflow/models/baseoperator.py", line 417, in wrapper
    return func(self, *args, **kwargs)
           ^^^^^^^^^^^^^^^^^^^^^^^^^^^
  File "/home/marmikm/airflow_venv/lib/python3.12/site-packages/airflow/operators/python.py", line 238, in execute
    return_value = self.execute_callable()
                   ^^^^^^^^^^^^^^^^^^^^^^^
  File "/home/marmikm/airflow_venv/lib/python3.12/site-packages/airflow/operators/python.py", line 256, in execute_callable
    return runner.run(*self.op_args, **self.op_kwargs)
           ^^^^^^^^^^^^^^^^^^^^^^^^^^^^^^^^^^^^^^^^^^^
  File "/home/marmikm/airflow_venv/lib/python3.12/site-packages/airflow/utils/operator_helpers.py", line 252, in run
    return self.func(*args, **kwargs)
           ^^^^^^^^^^^^^^^^^^^^^^^^^^
  File "/home/marmikm/airflow/dags/webscrapper.py", line 23, in scrape_articles
    date=datetime.strptime(str_date,"%Y-%m-%dT%H:%M:%S%z")
         ^^^^^^^^^^^^^^^^^^^^^^^^^^^^^^^^^^^^^^^^^^^^^^^^^
  File "/usr/lib/python3.12/_strptime.py", line 554, in _strptime_datetime
    tt, fraction, gmtoff_fraction = _strptime(data_string, format)
                                    ^^^^^^^^^^^^^^^^^^^^^^^^^^^^^^
  File "/usr/lib/python3.12/_strptime.py", line 333, in _strptime
    raise ValueError("time data %r does not match format %r" %
ValueError: time data '2022-04-08T16:51:54.934000+00:00' does not match format '%Y-%m-%dT%H:%M:%S%z'
[2024-11-20T06:33:00.647+0000] {local_task_job_runner.py:266} INFO - Task exited with return code 1
[2024-11-20T06:33:00.692+0000] {taskinstance.py:3895} INFO - 0 downstream tasks scheduled from follow-on schedule check
[2024-11-20T06:33:00.694+0000] {local_task_job_runner.py:245} INFO - ::endgroup::
