[2024-11-20T06:41:12.602+0000] {local_task_job_runner.py:123} INFO - ::group::Pre task execution logs
[2024-11-20T06:41:12.619+0000] {taskinstance.py:2613} INFO - Dependencies all met for dep_context=non-requeueable deps ti=<TaskInstance: web_scraper_pipeline.scrape_articles manual__2024-11-20T06:41:07.292055+00:00 [queued]>
[2024-11-20T06:41:12.631+0000] {taskinstance.py:2613} INFO - Dependencies all met for dep_context=requeueable deps ti=<TaskInstance: web_scraper_pipeline.scrape_articles manual__2024-11-20T06:41:07.292055+00:00 [queued]>
[2024-11-20T06:41:12.632+0000] {taskinstance.py:2866} INFO - Starting attempt 1 of 2
[2024-11-20T06:41:12.688+0000] {taskinstance.py:2889} INFO - Executing <Task(PythonOperator): scrape_articles> on 2024-11-20 06:41:07.292055+00:00
[2024-11-20T06:41:12.693+0000] {standard_task_runner.py:72} INFO - Started process 48031 to run task
[2024-11-20T06:41:12.698+0000] {standard_task_runner.py:104} INFO - Running: ['airflow', 'tasks', 'run', 'web_scraper_pipeline', 'scrape_articles', 'manual__2024-11-20T06:41:07.292055+00:00', '--job-id', '19', '--raw', '--subdir', 'DAGS_FOLDER/webscrapper.py', '--cfg-path', '/tmp/tmp93e73o3o']
[2024-11-20T06:41:12.700+0000] {standard_task_runner.py:105} INFO - Job 19: Subtask scrape_articles
[2024-11-20T06:41:12.764+0000] {task_command.py:467} INFO - Running <TaskInstance: web_scraper_pipeline.scrape_articles manual__2024-11-20T06:41:07.292055+00:00 [running]> on host DESKTOP-PGKOH6A.
[2024-11-20T06:41:12.876+0000] {taskinstance.py:3132} INFO - Exporting env vars: AIRFLOW_CTX_DAG_OWNER='airflow' AIRFLOW_CTX_DAG_ID='web_scraper_pipeline' AIRFLOW_CTX_TASK_ID='scrape_articles' AIRFLOW_CTX_EXECUTION_DATE='2024-11-20T06:41:07.292055+00:00' AIRFLOW_CTX_TRY_NUMBER='1' AIRFLOW_CTX_DAG_RUN_ID='manual__2024-11-20T06:41:07.292055+00:00'
[2024-11-20T06:41:12.878+0000] {logging_mixin.py:190} INFO - Task instance is in running state
[2024-11-20T06:41:12.878+0000] {logging_mixin.py:190} INFO -  Previous state of the Task instance: queued
[2024-11-20T06:41:12.879+0000] {logging_mixin.py:190} INFO - Current task name:scrape_articles state:running start_date:2024-11-20 06:41:12.619940+00:00
[2024-11-20T06:41:12.879+0000] {logging_mixin.py:190} INFO - Dag name:web_scraper_pipeline and current dag run status:running
[2024-11-20T06:41:12.879+0000] {taskinstance.py:731} INFO - ::endgroup::
[2024-11-20T06:41:12.880+0000] {logging_mixin.py:190} INFO - https://backend.finshots.in/backend/search/?q=HDFC
[2024-11-20T06:41:13.808+0000] {logging_mixin.py:190} INFO - #########RESPONSE######
[2024-11-20T06:41:13.809+0000] {logging_mixin.py:190} INFO - {'total_hits': 10, 'matches': [{'post_url': 'https://finshots.in/markets/the-changing-face-of-hdfc-life-the-insurance-industry/', 'cover_image': 'https://d3jlwjv6gmyigl.cloudfront.net/images/2020/10/hdfc-1.jpg', 'title': 'The changing face of HDFC life & the Insurance industry', 'excerpt': 'What does the future look like for HDFC life?', 'published_date': '2020-10-16T14:23:11+00:00'}, {'post_url': 'https://finshots.in/markets/what-to-make-of-hdfc-lifes-performance/', 'cover_image': 'https://d3jlwjv6gmyigl.cloudfront.net/images/2021/07/hdfc-life3.jpg', 'title': 'What to make of HDFC Life’s recent performance?', 'excerpt': "An explainer on HDFC Life's recent performance.", 'published_date': '2021-07-23T14:27:42+00:00'}, {'post_url': 'https://finshots.in/markets/what-ails-hdfc-bank/', 'cover_image': 'https://d3jlwjv6gmyigl.cloudfront.net/images/2022/01/Thumbnail-3.O-hdfc.png', 'title': 'What ails HDFC Bank?', 'excerpt': 'An explainer on what is happening inside HDFC Bank', 'published_date': '2022-01-07T14:46:07+00:00'}, {'post_url': 'https://finshots.in/archive/weekly-wrapup-understanding-the-hdfc-merger/', 'cover_image': 'https://cdn.finshots.app/images/2022/04/cov43-3.png', 'title': 'Weekly Wrapup - Understanding the HDFC Merger', 'excerpt': 'An explainer on how HDFC and HDFC Bank merged', 'published_date': '2022-04-08T16:51:54.934000+00:00'}, {'post_url': 'https://finshots.in/markets/hdfc-merger-can-the-60-billion-elephant-dance/', 'cover_image': 'https://cdn.finshots.app/images/2022/04/cov43-1.png', 'title': 'The HDFC merger - Can the $60 billion elephant dance?', 'excerpt': 'An explainer on why HDFC and HDFC Bank decided to merge', 'published_date': '2022-04-08T14:39:16+00:00'}, {'post_url': 'https://finshots.in/archive/hdfc-bids-farewell-to-its-10-000-crore-education-loan-company/', 'cover_image': 'https://cdn.finshots.app/images/2023/06/design-93-hdfc-student-loan-3--1-.jpg', 'title': 'HDFC bids farewell to its ₹10,000 crore education loan company', 'excerpt': 'An explainer on why HDFC is selling its education loan business and why international private equity firms are interested.', 'published_date': '2023-06-22T01:30:00+00:00'}, {'post_url': 'https://finshots.in/markets/hdfc-is-in-trouble/', 'cover_image': 'https://cdn.finshots.app/images/2024/01/HDFC.jpg', 'title': 'HDFC is in trouble — Has the elephant forgotten how to dance?', 'excerpt': "An explainer on why HDFC Bank's share price has fallen by over 10% this week.", 'published_date': '2024-01-19T18:38:03.109000+00:00'}, {'post_url': 'https://finshots.in/markets/investing-lessons-from-hdfc-prashant-jain/', 'cover_image': 'https://cdn.finshots.app/images/2022/09/investment-lessons1-copy.png', 'title': '3 investing lessons from HDFC’s Prashant Jain', 'excerpt': "An explainer on Prashant Jain's investing lessons", 'published_date': '2022-09-09T10:46:32+00:00'}, {'post_url': 'https://finshots.in/archive/45-years-later-hdfc-bids-goodbye-to-dalal-street/', 'cover_image': 'https://cdn.finshots.app/images/2023/07/design-113-HDFC-1.jpg', 'title': '45 years later, HDFC bids goodbye to Dalal\xa0Street', 'excerpt': "A brief history of India's first dedicated housing finance company and the people behind it.", 'published_date': '2023-07-14T01:30:00+00:00'}, {'post_url': 'https://finshots.in/archive/new-rules-housing-finance-companies/', 'cover_image': 'https://d3jlwjv6gmyigl.cloudfront.net/images/2020/06/hou.jpg', 'title': 'New housing finance rules', 'excerpt': 'An explainer on the new guidelines for housing finance companies.', 'published_date': '2020-06-21T18:31:48.671000+00:00'}]}
[2024-11-20T06:41:13.810+0000] {logging_mixin.py:190} INFO - #######################
[2024-11-20T06:41:13.821+0000] {logging_mixin.py:190} INFO - 2020-10-16 14:23:11+00:00
[2024-11-20T06:41:13.821+0000] {logging_mixin.py:190} INFO - $$$ TYPE $$
[2024-11-20T06:41:13.822+0000] {logging_mixin.py:190} INFO - <class 'datetime.datetime'>
[2024-11-20T06:41:13.823+0000] {logging_mixin.py:190} INFO - ##########
[2024-11-20T06:41:13.823+0000] {logging_mixin.py:190} INFO - 2021-07-23 14:27:42+00:00
[2024-11-20T06:41:13.824+0000] {logging_mixin.py:190} INFO - $$$ TYPE $$
[2024-11-20T06:41:13.825+0000] {logging_mixin.py:190} INFO - <class 'datetime.datetime'>
[2024-11-20T06:41:13.825+0000] {logging_mixin.py:190} INFO - ##########
[2024-11-20T06:41:13.826+0000] {logging_mixin.py:190} INFO - 2022-01-07 14:46:07+00:00
[2024-11-20T06:41:13.826+0000] {logging_mixin.py:190} INFO - $$$ TYPE $$
[2024-11-20T06:41:13.827+0000] {logging_mixin.py:190} INFO - <class 'datetime.datetime'>
[2024-11-20T06:41:13.828+0000] {logging_mixin.py:190} INFO - ##########
[2024-11-20T06:41:13.828+0000] {logging_mixin.py:190} INFO - 2022-04-08 16:51:54+00:00
[2024-11-20T06:41:13.829+0000] {logging_mixin.py:190} INFO - $$$ TYPE $$
[2024-11-20T06:41:13.829+0000] {logging_mixin.py:190} INFO - <class 'datetime.datetime'>
[2024-11-20T06:41:13.830+0000] {logging_mixin.py:190} INFO - ##########
[2024-11-20T06:41:13.830+0000] {logging_mixin.py:190} INFO - 2022-04-08 14:39:16+00:00
[2024-11-20T06:41:13.831+0000] {logging_mixin.py:190} INFO - $$$ TYPE $$
[2024-11-20T06:41:13.832+0000] {logging_mixin.py:190} INFO - <class 'datetime.datetime'>
[2024-11-20T06:41:13.833+0000] {logging_mixin.py:190} INFO - ##########
[2024-11-20T06:41:13.835+0000] {logging_mixin.py:190} INFO - 2023-06-22 01:30:00+00:00
[2024-11-20T06:41:13.835+0000] {logging_mixin.py:190} INFO - $$$ TYPE $$
[2024-11-20T06:41:13.836+0000] {logging_mixin.py:190} INFO - <class 'datetime.datetime'>
[2024-11-20T06:41:13.837+0000] {logging_mixin.py:190} INFO - ##########
[2024-11-20T06:41:13.837+0000] {logging_mixin.py:190} INFO - 2024-01-19 18:38:03+00:00
[2024-11-20T06:41:13.838+0000] {logging_mixin.py:190} INFO - $$$ TYPE $$
[2024-11-20T06:41:13.838+0000] {logging_mixin.py:190} INFO - <class 'datetime.datetime'>
[2024-11-20T06:41:13.839+0000] {logging_mixin.py:190} INFO - ##########
[2024-11-20T06:41:13.839+0000] {logging_mixin.py:190} INFO - 2022-09-09 10:46:32+00:00
[2024-11-20T06:41:13.840+0000] {logging_mixin.py:190} INFO - $$$ TYPE $$
[2024-11-20T06:41:13.841+0000] {logging_mixin.py:190} INFO - <class 'datetime.datetime'>
[2024-11-20T06:41:13.841+0000] {logging_mixin.py:190} INFO - ##########
[2024-11-20T06:41:13.841+0000] {logging_mixin.py:190} INFO - 2023-07-14 01:30:00+00:00
[2024-11-20T06:41:13.842+0000] {logging_mixin.py:190} INFO - $$$ TYPE $$
[2024-11-20T06:41:13.842+0000] {logging_mixin.py:190} INFO - <class 'datetime.datetime'>
[2024-11-20T06:41:13.842+0000] {logging_mixin.py:190} INFO - ##########
[2024-11-20T06:41:13.843+0000] {logging_mixin.py:190} INFO - 2020-06-21 18:31:48+00:00
[2024-11-20T06:41:13.843+0000] {logging_mixin.py:190} INFO - $$$ TYPE $$
[2024-11-20T06:41:13.843+0000] {logging_mixin.py:190} INFO - <class 'datetime.datetime'>
[2024-11-20T06:41:13.844+0000] {logging_mixin.py:190} INFO - ##########
[2024-11-20T06:41:13.844+0000] {python.py:240} INFO - Done. Returned value was: None
[2024-11-20T06:41:13.854+0000] {taskinstance.py:340} INFO - ::group::Post task execution logs
[2024-11-20T06:41:13.855+0000] {taskinstance.py:352} INFO - Marking task as SUCCESS. dag_id=web_scraper_pipeline, task_id=scrape_articles, run_id=manual__2024-11-20T06:41:07.292055+00:00, execution_date=20241120T064107, start_date=20241120T064112, end_date=20241120T064113
[2024-11-20T06:41:13.875+0000] {logging_mixin.py:190} INFO - Task instance in success state
[2024-11-20T06:41:13.875+0000] {logging_mixin.py:190} INFO -  Previous state of the Task instance: running
[2024-11-20T06:41:13.876+0000] {logging_mixin.py:190} INFO - Dag name:web_scraper_pipeline queued_at:2024-11-20 06:41:07.312234+00:00
[2024-11-20T06:41:13.876+0000] {logging_mixin.py:190} INFO - Task hostname:DESKTOP-PGKOH6A. operator:PythonOperator
[2024-11-20T06:41:13.903+0000] {local_task_job_runner.py:266} INFO - Task exited with return code 0
[2024-11-20T06:41:13.927+0000] {taskinstance.py:3895} INFO - 0 downstream tasks scheduled from follow-on schedule check
[2024-11-20T06:41:13.928+0000] {local_task_job_runner.py:245} INFO - ::endgroup::
