[2024-11-20T06:09:08.357+0000] {local_task_job_runner.py:123} INFO - ::group::Pre task execution logs
[2024-11-20T06:09:08.370+0000] {taskinstance.py:2613} INFO - Dependencies all met for dep_context=non-requeueable deps ti=<TaskInstance: web_scraper_pipeline.scrape_articles manual__2024-11-20T06:09:03.233664+00:00 [queued]>
[2024-11-20T06:09:08.376+0000] {taskinstance.py:2613} INFO - Dependencies all met for dep_context=requeueable deps ti=<TaskInstance: web_scraper_pipeline.scrape_articles manual__2024-11-20T06:09:03.233664+00:00 [queued]>
[2024-11-20T06:09:08.377+0000] {taskinstance.py:2866} INFO - Starting attempt 1 of 2
[2024-11-20T06:09:08.418+0000] {taskinstance.py:2889} INFO - Executing <Task(PythonOperator): scrape_articles> on 2024-11-20 06:09:03.233664+00:00
[2024-11-20T06:09:08.422+0000] {standard_task_runner.py:72} INFO - Started process 40144 to run task
[2024-11-20T06:09:08.428+0000] {standard_task_runner.py:104} INFO - Running: ['airflow', 'tasks', 'run', 'web_scraper_pipeline', 'scrape_articles', 'manual__2024-11-20T06:09:03.233664+00:00', '--job-id', '4', '--raw', '--subdir', 'DAGS_FOLDER/webscrapper.py', '--cfg-path', '/tmp/tmp85m0ezf1']
[2024-11-20T06:09:08.429+0000] {standard_task_runner.py:105} INFO - Job 4: Subtask scrape_articles
[2024-11-20T06:09:08.487+0000] {task_command.py:467} INFO - Running <TaskInstance: web_scraper_pipeline.scrape_articles manual__2024-11-20T06:09:03.233664+00:00 [running]> on host DESKTOP-PGKOH6A.
[2024-11-20T06:09:08.609+0000] {taskinstance.py:3132} INFO - Exporting env vars: AIRFLOW_CTX_DAG_OWNER='airflow' AIRFLOW_CTX_DAG_ID='web_scraper_pipeline' AIRFLOW_CTX_TASK_ID='scrape_articles' AIRFLOW_CTX_EXECUTION_DATE='2024-11-20T06:09:03.233664+00:00' AIRFLOW_CTX_TRY_NUMBER='1' AIRFLOW_CTX_DAG_RUN_ID='manual__2024-11-20T06:09:03.233664+00:00'
[2024-11-20T06:09:08.611+0000] {logging_mixin.py:190} INFO - Task instance is in running state
[2024-11-20T06:09:08.612+0000] {logging_mixin.py:190} INFO -  Previous state of the Task instance: queued
[2024-11-20T06:09:08.612+0000] {logging_mixin.py:190} INFO - Current task name:scrape_articles state:running start_date:2024-11-20 06:09:08.370946+00:00
[2024-11-20T06:09:08.612+0000] {logging_mixin.py:190} INFO - Dag name:web_scraper_pipeline and current dag run status:running
[2024-11-20T06:09:08.613+0000] {taskinstance.py:731} INFO - ::endgroup::
[2024-11-20T06:09:08.614+0000] {logging_mixin.py:190} INFO - https://backend.finshots.in/backend/search/?q=HDFC
[2024-11-20T06:09:09.555+0000] {logging_mixin.py:190} INFO - #########RESPONSE######
[2024-11-20T06:09:09.557+0000] {taskinstance.py:3311} ERROR - Task failed with exception
Traceback (most recent call last):
  File "/home/marmikm/airflow_venv/lib/python3.12/site-packages/airflow/models/taskinstance.py", line 767, in _execute_task
    result = _execute_callable(context=context, **execute_callable_kwargs)
             ^^^^^^^^^^^^^^^^^^^^^^^^^^^^^^^^^^^^^^^^^^^^^^^^^^^^^^^^^^^^^
  File "/home/marmikm/airflow_venv/lib/python3.12/site-packages/airflow/models/taskinstance.py", line 733, in _execute_callable
    return ExecutionCallableRunner(
           ^^^^^^^^^^^^^^^^^^^^^^^^
  File "/home/marmikm/airflow_venv/lib/python3.12/site-packages/airflow/utils/operator_helpers.py", line 252, in run
    return self.func(*args, **kwargs)
           ^^^^^^^^^^^^^^^^^^^^^^^^^^
  File "/home/marmikm/airflow_venv/lib/python3.12/site-packages/airflow/models/baseoperator.py", line 417, in wrapper
    return func(self, *args, **kwargs)
           ^^^^^^^^^^^^^^^^^^^^^^^^^^^
  File "/home/marmikm/airflow_venv/lib/python3.12/site-packages/airflow/operators/python.py", line 238, in execute
    return_value = self.execute_callable()
                   ^^^^^^^^^^^^^^^^^^^^^^^
  File "/home/marmikm/airflow_venv/lib/python3.12/site-packages/airflow/operators/python.py", line 256, in execute_callable
    return runner.run(*self.op_args, **self.op_kwargs)
           ^^^^^^^^^^^^^^^^^^^^^^^^^^^^^^^^^^^^^^^^^^^
  File "/home/marmikm/airflow_venv/lib/python3.12/site-packages/airflow/utils/operator_helpers.py", line 252, in run
    return self.func(*args, **kwargs)
           ^^^^^^^^^^^^^^^^^^^^^^^^^^
  File "/home/marmikm/airflow/dags/webscrapper.py", line 18, in scrape_articles
    print(response['matches'])
          ~~~~~~~~^^^^^^^^^^^
TypeError: 'Response' object is not subscriptable
[2024-11-20T06:09:09.593+0000] {logging_mixin.py:190} INFO - Task instance in failure state
[2024-11-20T06:09:09.594+0000] {logging_mixin.py:190} INFO - Task start:2024-11-20 06:09:08.370946+00:00 end:2024-11-20 06:09:09.592950+00:00 duration:1.222004
[2024-11-20T06:09:09.594+0000] {logging_mixin.py:190} INFO - Task:<Task(PythonOperator): scrape_articles> dag:<DAG: web_scraper_pipeline> dagrun:<DagRun web_scraper_pipeline @ 2024-11-20 06:09:03.233664+00:00: manual__2024-11-20T06:09:03.233664+00:00, state:running, queued_at: 2024-11-20 06:09:03.265548+00:00. externally triggered: True>
[2024-11-20T06:09:09.594+0000] {logging_mixin.py:190} INFO - Failure caused by 'Response' object is not subscriptable
[2024-11-20T06:09:09.595+0000] {taskinstance.py:1225} INFO - Marking task as UP_FOR_RETRY. dag_id=web_scraper_pipeline, task_id=scrape_articles, run_id=manual__2024-11-20T06:09:03.233664+00:00, execution_date=20241120T060903, start_date=20241120T060908, end_date=20241120T060909
[2024-11-20T06:09:09.614+0000] {taskinstance.py:340} INFO - ::group::Post task execution logs
[2024-11-20T06:09:09.615+0000] {standard_task_runner.py:124} ERROR - Failed to execute job 4 for task scrape_articles ('Response' object is not subscriptable; 40144)
Traceback (most recent call last):
  File "/home/marmikm/airflow_venv/lib/python3.12/site-packages/airflow/task/task_runner/standard_task_runner.py", line 117, in _start_by_fork
    ret = args.func(args, dag=self.dag)
          ^^^^^^^^^^^^^^^^^^^^^^^^^^^^^
  File "/home/marmikm/airflow_venv/lib/python3.12/site-packages/airflow/cli/cli_config.py", line 49, in command
    return func(*args, **kwargs)
           ^^^^^^^^^^^^^^^^^^^^^
  File "/home/marmikm/airflow_venv/lib/python3.12/site-packages/airflow/utils/cli.py", line 116, in wrapper
    return f(*args, **kwargs)
           ^^^^^^^^^^^^^^^^^^
  File "/home/marmikm/airflow_venv/lib/python3.12/site-packages/airflow/cli/commands/task_command.py", line 483, in task_run
    task_return_code = _run_task_by_selected_method(args, _dag, ti)
                       ^^^^^^^^^^^^^^^^^^^^^^^^^^^^^^^^^^^^^^^^^^^^
  File "/home/marmikm/airflow_venv/lib/python3.12/site-packages/airflow/cli/commands/task_command.py", line 256, in _run_task_by_selected_method
    return _run_raw_task(args, ti)
           ^^^^^^^^^^^^^^^^^^^^^^^
  File "/home/marmikm/airflow_venv/lib/python3.12/site-packages/airflow/cli/commands/task_command.py", line 341, in _run_raw_task
    return ti._run_raw_task(
           ^^^^^^^^^^^^^^^^^
  File "/home/marmikm/airflow_venv/lib/python3.12/site-packages/airflow/utils/session.py", line 97, in wrapper
    return func(*args, session=session, **kwargs)
           ^^^^^^^^^^^^^^^^^^^^^^^^^^^^^^^^^^^^^^
  File "/home/marmikm/airflow_venv/lib/python3.12/site-packages/airflow/models/taskinstance.py", line 3005, in _run_raw_task
    return _run_raw_task(
           ^^^^^^^^^^^^^^
  File "/home/marmikm/airflow_venv/lib/python3.12/site-packages/airflow/models/taskinstance.py", line 273, in _run_raw_task
    TaskInstance._execute_task_with_callbacks(
  File "/home/marmikm/airflow_venv/lib/python3.12/site-packages/airflow/models/taskinstance.py", line 3159, in _execute_task_with_callbacks
    result = self._execute_task(context, task_orig)
             ^^^^^^^^^^^^^^^^^^^^^^^^^^^^^^^^^^^^^^
  File "/home/marmikm/airflow_venv/lib/python3.12/site-packages/airflow/models/taskinstance.py", line 3183, in _execute_task
    return _execute_task(self, context, task_orig)
           ^^^^^^^^^^^^^^^^^^^^^^^^^^^^^^^^^^^^^^^
  File "/home/marmikm/airflow_venv/lib/python3.12/site-packages/airflow/models/taskinstance.py", line 767, in _execute_task
    result = _execute_callable(context=context, **execute_callable_kwargs)
             ^^^^^^^^^^^^^^^^^^^^^^^^^^^^^^^^^^^^^^^^^^^^^^^^^^^^^^^^^^^^^
  File "/home/marmikm/airflow_venv/lib/python3.12/site-packages/airflow/models/taskinstance.py", line 733, in _execute_callable
    return ExecutionCallableRunner(
           ^^^^^^^^^^^^^^^^^^^^^^^^
  File "/home/marmikm/airflow_venv/lib/python3.12/site-packages/airflow/utils/operator_helpers.py", line 252, in run
    return self.func(*args, **kwargs)
           ^^^^^^^^^^^^^^^^^^^^^^^^^^
  File "/home/marmikm/airflow_venv/lib/python3.12/site-packages/airflow/models/baseoperator.py", line 417, in wrapper
    return func(self, *args, **kwargs)
           ^^^^^^^^^^^^^^^^^^^^^^^^^^^
  File "/home/marmikm/airflow_venv/lib/python3.12/site-packages/airflow/operators/python.py", line 238, in execute
    return_value = self.execute_callable()
                   ^^^^^^^^^^^^^^^^^^^^^^^
  File "/home/marmikm/airflow_venv/lib/python3.12/site-packages/airflow/operators/python.py", line 256, in execute_callable
    return runner.run(*self.op_args, **self.op_kwargs)
           ^^^^^^^^^^^^^^^^^^^^^^^^^^^^^^^^^^^^^^^^^^^
  File "/home/marmikm/airflow_venv/lib/python3.12/site-packages/airflow/utils/operator_helpers.py", line 252, in run
    return self.func(*args, **kwargs)
           ^^^^^^^^^^^^^^^^^^^^^^^^^^
  File "/home/marmikm/airflow/dags/webscrapper.py", line 18, in scrape_articles
    print(response['matches'])
          ~~~~~~~~^^^^^^^^^^^
TypeError: 'Response' object is not subscriptable
[2024-11-20T06:09:09.647+0000] {local_task_job_runner.py:266} INFO - Task exited with return code 1
[2024-11-20T06:09:09.674+0000] {taskinstance.py:3895} INFO - 0 downstream tasks scheduled from follow-on schedule check
[2024-11-20T06:09:09.675+0000] {local_task_job_runner.py:245} INFO - ::endgroup::
